<?xml version="1.0" encoding="UTF-8"?>
<testng-results ignored="0" total="1" passed="1" failed="0" skipped="0">
  <reporter-output>
  </reporter-output>
  <suite started-at="2021-04-10T17:21:47 IST" name="Default suite" finished-at="2021-04-10T17:21:52 IST" duration-ms="4926">
    <groups>
    </groups>
    <test started-at="2021-04-10T17:21:47 IST" name="Default test" finished-at="2021-04-10T17:21:52 IST" duration-ms="4926">
      <class name="APIAutomationRestAssured.ApiRestAssured.Test03_Put">
        <test-method signature="test2()[pri:0, instance:APIAutomationRestAssured.ApiRestAssured.Test03_Put@2abf4075]" started-at="2021-04-10T17:21:47 IST" name="test2" finished-at="2021-04-10T17:21:52 IST" duration-ms="4866" status="PASS">
          <reporter-output>
          </reporter-output>
        </test-method> <!-- test2 -->
      </class> <!-- APIAutomationRestAssured.ApiRestAssured.Test03_Put -->
    </test> <!-- Default test -->
  </suite> <!-- Default suite -->
</testng-results>
