<?xml version="1.0" encoding="UTF-8"?>
<!-- Generated by org.testng.reporters.JUnitXMLReporter -->
<testsuite ignored="0" hostname="vvandrangi" failures="0" tests="3" name="Default test" time="1.29" errors="0" timestamp="2022-11-19T15:58:27 IST">
  <testcase classname="RestAssured.PracticeRestAssured.dataDriven" name="f" time="0.013"/>
  <testcase classname="RestAssured.PracticeRestAssured.dataDriven" name="f" time="0.363"/>
  <testcase classname="RestAssured.PracticeRestAssured.dataDriven" name="f" time="0.005"/>
</testsuite> <!-- Default test -->
