<?xml version="1.0" encoding="UTF-8"?>
<testng-results ignored="0" total="3" passed="3" failed="0" skipped="0">
  <reporter-output>
  </reporter-output>
  <suite started-at="2022-11-19T15:58:26 IST" name="Default suite" finished-at="2022-11-19T15:58:27 IST" duration-ms="1290">
    <groups>
    </groups>
    <test started-at="2022-11-19T15:58:26 IST" name="Default test" finished-at="2022-11-19T15:58:27 IST" duration-ms="1290">
      <class name="RestAssured.PracticeRestAssured.dataDriven">
        <test-method signature="f(java.lang.String,java.lang.String,java.lang.String,java.lang.String,java.lang.String,java.lang.String,java.lang.String)[pri:0, instance:RestAssured.PracticeRestAssured.dataDriven@47e2e487]" started-at="2022-11-19T15:58:26 IST" name="f" data-provider="testdata" finished-at="2022-11-19T15:58:26 IST" duration-ms="13" status="PASS">
          <params>
            <param index="0">
              <value is-null="true"/>
            </param>
            <param index="1">
              <value is-null="true"/>
            </param>
            <param index="2">
              <value is-null="true"/>
            </param>
            <param index="3">
              <value is-null="true"/>
            </param>
            <param index="4">
              <value is-null="true"/>
            </param>
            <param index="5">
              <value is-null="true"/>
            </param>
            <param index="6">
              <value is-null="true"/>
            </param>
          </params>
          <reporter-output>
          </reporter-output>
        </test-method> <!-- f -->
        <test-method signature="f(java.lang.String,java.lang.String,java.lang.String,java.lang.String,java.lang.String,java.lang.String,java.lang.String)[pri:0, instance:RestAssured.PracticeRestAssured.dataDriven@47e2e487]" started-at="2022-11-19T15:58:26 IST" name="f" data-provider="testdata" finished-at="2022-11-19T15:58:27 IST" duration-ms="363" status="PASS">
          <params>
            <param index="0">
              <value>
                <![CDATA[1.0]]>
              </value>
            </param>
            <param index="1">
              <value>
                <![CDATA[1.0]]>
              </value>
            </param>
            <param index="2">
              <value>
                <![CDATA[1]]>
              </value>
            </param>
            <param index="3">
              <value>
                <![CDATA[Blocker]]>
              </value>
            </param>
            <param index="4">
              <value>
                <![CDATA[rpa-15]]>
              </value>
            </param>
            <param index="5">
              <value>
                <![CDATA[siva]]>
              </value>
            </param>
            <param index="6">
              <value>
                <![CDATA[sprint-15]]>
              </value>
            </param>
          </params>
          <reporter-output>
          </reporter-output>
        </test-method> <!-- f -->
        <test-method signature="f(java.lang.String,java.lang.String,java.lang.String,java.lang.String,java.lang.String,java.lang.String,java.lang.String)[pri:0, instance:RestAssured.PracticeRestAssured.dataDriven@47e2e487]" started-at="2022-11-19T15:58:27 IST" name="f" data-provider="testdata" finished-at="2022-11-19T15:58:27 IST" duration-ms="5" status="PASS">
          <params>
            <param index="0">
              <value>
                <![CDATA[2.0]]>
              </value>
            </param>
            <param index="1">
              <value>
                <![CDATA[2.0]]>
              </value>
            </param>
            <param index="2">
              <value>
                <![CDATA[2]]>
              </value>
            </param>
            <param index="3">
              <value>
                <![CDATA[High]]>
              </value>
            </param>
            <param index="4">
              <value>
                <![CDATA[rpa-16]]>
              </value>
            </param>
            <param index="5">
              <value>
                <![CDATA[santhosh]]>
              </value>
            </param>
            <param index="6">
              <value>
                <![CDATA[sprint-15]]>
              </value>
            </param>
          </params>
          <reporter-output>
          </reporter-output>
        </test-method> <!-- f -->
      </class> <!-- RestAssured.PracticeRestAssured.dataDriven -->
    </test> <!-- Default test -->
  </suite> <!-- Default suite -->
</testng-results>
